# JRE version: OpenJDK Runtime Environment Temurin-21.0.7+6 (21.0.7+6) (build 21.0.7+6-LTS)
# Java VM: OpenJDK 64-Bit Server VM Temurin-21.0.7+6 (21.0.7+6-LTS, mixed mode, sharing, tiered, compressed oops, compressed class ptrs, parallel gc, windows-amd64)
GC Precious Log:
 CardTable entry size: 512
 CPUs: 4 total, 4 available
 Memory: 3784M
 Large Page Support: Disabled
 NUMA Support: Disabled
 Compressed Oops: Enabled (32-bit)
 Alignments: Space 512K, Generation 512K, Heap 2M
 Heap Min Capacity: 100M
 Heap Initial Capacity: 100M
 Heap Max Capacity: 1G
 Pre-touch: Disabled
 Parallel Workers: 4
Heap:
 PSYoungGen      total 6656K, used 5651K [0x00000000eab00000, 0x00000000eb400000, 0x0000000100000000)
  eden space 5120K, 83% used [0x00000000eab00000,0x00000000eaf30230,0x00000000eb000000)
  from space 1536K, 88% used [0x00000000eb180000,0x00000000eb2d4b10,0x00000000eb300000)
  to   space 1536K, 0% used [0x00000000eb000000,0x00000000eb000000,0x00000000eb180000)
 ParOldGen       total 265728K, used 265312K [0x00000000c0000000, 0x00000000d0380000, 0x00000000eab00000)
  object space 265728K, 99% used [0x00000000c0000000,0x00000000d03180d0,0x00000000d0380000)
 Metaspace       used 52115K, committed 53504K, reserved 1114112K
  class space    used 5544K, committed 6144K, reserved 1048576K
GC Heap History (20 events):
Event: 27.967 GC heap after
{Heap after GC invocations=134 (full 2):
 PSYoungGen      total 6656K, used 1317K [0x00000000eab00000, 0x00000000eb300000, 0x0000000100000000)
  eden space 5120K, 0% used [0x00000000eab00000,0x00000000eab00000,0x00000000eb000000)
  from space 1536K, 85% used [0x00000000eb180000,0x00000000eb2c9568,0x00000000eb300000)
  to   space 1536K, 0% used [0x00000000eb000000,0x00000000eb000000,0x00000000eb180000)
 ParOldGen       total 253952K, used 253477K [0x00000000c0000000, 0x00000000cf800000, 0x00000000eab00000)
  object space 253952K, 99% used [0x00000000c0000000,0x00000000cf789420,0x00000000cf800000)
 Metaspace       used 52111K, committed 53504K, reserved 1114112K
  class space    used 5544K, committed 6144K, reserved 1048576K
}
Event: 27.984 GC heap before
{Heap before GC invocations=135 (full 2):
 PSYoungGen      total 6656K, used 6437K [0x00000000eab00000, 0x00000000eb300000, 0x0000000100000000)
  eden space 5120K, 100% used [0x00000000eab00000,0x00000000eb000000,0x00000000eb000000)
  from space 1536K, 85% used [0x00000000eb180000,0x00000000eb2c9568,0x00000000eb300000)
  to   space 1536K, 0% used [0x00000000eb000000,0x00000000eb000000,0x00000000eb180000)
 ParOldGen       total 253952K, used 253477K [0x00000000c0000000, 0x00000000cf800000, 0x00000000eab00000)
  object space 253952K, 99% used [0x00000000c0000000,0x00000000cf789420,0x00000000cf800000)
 Metaspace       used 52111K, committed 53504K, reserved 1114112K
  class space    used 5544K, committed 6144K, reserved 1048576K
}
Event: 27.986 GC heap after
{Heap after GC invocations=135 (full 2):
 PSYoungGen      total 6656K, used 1312K [0x00000000eab00000, 0x00000000eb300000, 0x0000000100000000)
  eden space 5120K, 0% used [0x00000000eab00000,0x00000000eab00000,0x00000000eb000000)
  from space 1536K, 85% used [0x00000000eb000000,0x00000000eb148108,0x00000000eb180000)
  to   space 1536K, 0% used [0x00000000eb180000,0x00000000eb180000,0x00000000eb300000)
 ParOldGen       total 254976K, used 254720K [0x00000000c0000000, 0x00000000cf900000, 0x00000000eab00000)
  object space 254976K, 99% used [0x00000000c0000000,0x00000000cf8c0248,0x00000000cf900000)
 Metaspace       used 52111K, committed 53504K, reserved 1114112K
  class space    used 5544K, committed 6144K, reserved 1048576K
}
Event: 28.004 GC heap before
{Heap before GC invocations=136 (full 2):
 PSYoungGen      total 6656K, used 6432K [0x00000000eab00000, 0x00000000eb300000, 0x0000000100000000)
  eden space 5120K, 100% used [0x00000000eab00000,0x00000000eb000000,0x00000000eb000000)
  from space 1536K, 85% used [0x00000000eb000000,0x00000000eb148108,0x00000000eb180000)
  to   space 1536K, 0% used [0x00000000eb180000,0x00000000eb180000,0x00000000eb300000)
 ParOldGen       total 254976K, used 254720K [0x00000000c0000000, 0x00000000cf900000, 0x00000000eab00000)
  object space 254976K, 99% used [0x00000000c0000000,0x00000000cf8c0248,0x00000000cf900000)
 Metaspace       used 52111K, committed 53504K, reserved 1114112K
  class space    used 5544K, committed 6144K, reserved 1048576K
}
Event: 28.005 GC heap after
{Heap after GC invocations=136 (full 2):
 PSYoungGen      total 6656K, used 1340K [0x00000000eab00000, 0x00000000eb300000, 0x0000000100000000)
  eden space 5120K, 0% used [0x00000000eab00000,0x00000000eab00000,0x00000000eb000000)
  from space 1536K, 87% used [0x00000000eb180000,0x00000000eb2cf3d0,0x00000000eb300000)
  to   space 1536K, 0% used [0x00000000eb000000,0x00000000eb000000,0x00000000eb180000)
 ParOldGen       total 256000K, used 255908K [0x00000000c0000000, 0x00000000cfa00000, 0x00000000eab00000)
  object space 256000K, 99% used [0x00000000c0000000,0x00000000cf9e9198,0x00000000cfa00000)
 Metaspace       used 52111K, committed 53504K, reserved 1114112K
  class space    used 5544K, committed 6144K, reserved 1048576K
}
Event: 28.025 GC heap before
{Heap before GC invocations=137 (full 2):
 PSYoungGen      total 6656K, used 6460K [0x00000000eab00000, 0x00000000eb300000, 0x0000000100000000)
  eden space 5120K, 100% used [0x00000000eab00000,0x00000000eb000000,0x00000000eb000000)
  from space 1536K, 87% used [0x00000000eb180000,0x00000000eb2cf3d0,0x00000000eb300000)
  to   space 1536K, 0% used [0x00000000eb000000,0x00000000eb000000,0x00000000eb180000)
 ParOldGen       total 256000K, used 255908K [0x00000000c0000000, 0x00000000cfa00000, 0x00000000eab00000)
  object space 256000K, 99% used [0x00000000c0000000,0x00000000cf9e9198,0x00000000cfa00000)
 Metaspace       used 52111K, committed 53504K, reserved 1114112K
  class space    used 5544K, committed 6144K, reserved 1048576K
}
Event: 28.027 GC heap after
{Heap after GC invocations=137 (full 2):
 PSYoungGen      total 6656K, used 1299K [0x00000000eab00000, 0x00000000eb300000, 0x0000000100000000)
  eden space 5120K, 0% used [0x00000000eab00000,0x00000000eab00000,0x00000000eb000000)
  from space 1536K, 84% used [0x00000000eb000000,0x00000000eb144e90,0x00000000eb180000)
  to   space 1536K, 0% used [0x00000000eb180000,0x00000000eb180000,0x00000000eb300000)
 ParOldGen       total 257536K, used 257160K [0x00000000c0000000, 0x00000000cfb80000, 0x00000000eab00000)
  object space 257536K, 99% used [0x00000000c0000000,0x00000000cfb220a8,0x00000000cfb80000)
 Metaspace       used 52111K, committed 53504K, reserved 1114112K
  class space    used 5544K, committed 6144K, reserved 1048576K
}
Event: 28.047 GC heap before
{Heap before GC invocations=138 (full 2):
 PSYoungGen      total 6656K, used 6419K [0x00000000eab00000, 0x00000000eb300000, 0x0000000100000000)
  eden space 5120K, 100% used [0x00000000eab00000,0x00000000eb000000,0x00000000eb000000)
  from space 1536K, 84% used [0x00000000eb000000,0x00000000eb144e90,0x00000000eb180000)
  to   space 1536K, 0% used [0x00000000eb180000,0x00000000eb180000,0x00000000eb300000)
 ParOldGen       total 257536K, used 257160K [0x00000000c0000000, 0x00000000cfb80000, 0x00000000eab00000)
  object space 257536K, 99% used [0x00000000c0000000,0x00000000cfb220a8,0x00000000cfb80000)
 Metaspace       used 52111K, committed 53504K, reserved 1114112K
  class space    used 5544K, committed 6144K, reserved 1048576K
}
Event: 28.050 GC heap after
{Heap after GC invocations=138 (full 2):
 PSYoungGen      total 6656K, used 1192K [0x00000000eab00000, 0x00000000eb300000, 0x0000000100000000)
  eden space 5120K, 0% used [0x00000000eab00000,0x00000000eab00000,0x00000000eb000000)
  from space 1536K, 77% used [0x00000000eb180000,0x00000000eb2aa230,0x00000000eb300000)
  to   space 1536K, 0% used [0x00000000eb000000,0x00000000eb000000,0x00000000eb180000)
 ParOldGen       total 258560K, used 258337K [0x00000000c0000000, 0x00000000cfc80000, 0x00000000eab00000)
  object space 258560K, 99% used [0x00000000c0000000,0x00000000cfc48620,0x00000000cfc80000)
 Metaspace       used 52111K, committed 53504K, reserved 1114112K
  class space    used 5544K, committed 6144K, reserved 1048576K
}
Event: 28.083 GC heap before
{Heap before GC invocations=139 (full 2):
 PSYoungGen      total 6656K, used 6312K [0x00000000eab00000, 0x00000000eb300000, 0x0000000100000000)
  eden space 5120K, 100% used [0x00000000eab00000,0x00000000eb000000,0x00000000eb000000)
  from space 1536K, 77% used [0x00000000eb180000,0x00000000eb2aa230,0x00000000eb300000)
  to   space 1536K, 0% used [0x00000000eb000000,0x00000000eb000000,0x00000000eb180000)
 ParOldGen       total 258560K, used 258337K [0x00000000c0000000, 0x00000000cfc80000, 0x00000000eab00000)
  object space 258560K, 99% used [0x00000000c0000000,0x00000000cfc48620,0x00000000cfc80000)
 Metaspace       used 52112K, committed 53504K, reserved 1114112K
  class space    used 5544K, committed 6144K, reserved 1048576K
}
Event: 28.086 GC heap after
{Heap after GC invocations=139 (full 2):
 PSYoungGen      total 6656K, used 1275K [0x00000000eab00000, 0x00000000eb300000, 0x0000000100000000)
  eden space 5120K, 0% used [0x00000000eab00000,0x00000000eab00000,0x00000000eb000000)
  from space 1536K, 83% used [0x00000000eb000000,0x00000000eb13ef90,0x00000000eb180000)
  to   space 1536K, 0% used [0x00000000eb180000,0x00000000eb180000,0x00000000eb300000)
 ParOldGen       total 259584K, used 259446K [0x00000000c0000000, 0x00000000cfd80000, 0x00000000eab00000)
  object space 259584K, 99% used [0x00000000c0000000,0x00000000cfd5db58,0x00000000cfd80000)
 Metaspace       used 52112K, committed 53504K, reserved 1114112K
  class space    used 5544K, committed 6144K, reserved 1048576K
}
Event: 28.111 GC heap before
{Heap before GC invocations=140 (full 2):
 PSYoungGen      total 6656K, used 6395K [0x00000000eab00000, 0x00000000eb300000, 0x0000000100000000)
  eden space 5120K, 100% used [0x00000000eab00000,0x00000000eb000000,0x00000000eb000000)
  from space 1536K, 83% used [0x00000000eb000000,0x00000000eb13ef90,0x00000000eb180000)
  to   space 1536K, 0% used [0x00000000eb180000,0x00000000eb180000,0x00000000eb300000)
 ParOldGen       total 259584K, used 259446K [0x00000000c0000000, 0x00000000cfd80000, 0x00000000eab00000)
  object space 259584K, 99% used [0x00000000c0000000,0x00000000cfd5db58,0x00000000cfd80000)
 Metaspace       used 52112K, committed 53504K, reserved 1114112K
  class space    used 5544K, committed 6144K, reserved 1048576K
}
Event: 28.115 GC heap after
{Heap after GC invocations=140 (full 2):
 PSYoungGen      total 6656K, used 1257K [0x00000000eab00000, 0x00000000eb300000, 0x0000000100000000)
  eden space 5120K, 0% used [0x00000000eab00000,0x00000000eab00000,0x00000000eb000000)
  from space 1536K, 81% used [0x00000000eb180000,0x00000000eb2ba600,0x00000000eb300000)
  to   space 1536K, 0% used [0x00000000eb000000,0x00000000eb000000,0x00000000eb180000)
 ParOldGen       total 260608K, used 260605K [0x00000000c0000000, 0x00000000cfe80000, 0x00000000eab00000)
  object space 260608K, 99% used [0x00000000c0000000,0x00000000cfe7f620,0x00000000cfe80000)
 Metaspace       used 52112K, committed 53504K, reserved 1114112K
  class space    used 5544K, committed 6144K, reserved 1048576K
}
Event: 28.150 GC heap before
{Heap before GC invocations=141 (full 2):
 PSYoungGen      total 6656K, used 6377K [0x00000000eab00000, 0x00000000eb300000, 0x0000000100000000)
  eden space 5120K, 100% used [0x00000000eab00000,0x00000000eb000000,0x00000000eb000000)
  from space 1536K, 81% used [0x00000000eb180000,0x00000000eb2ba600,0x00000000eb300000)
  to   space 1536K, 0% used [0x00000000eb000000,0x00000000eb000000,0x00000000eb180000)
 ParOldGen       total 260608K, used 260605K [0x00000000c0000000, 0x00000000cfe80000, 0x00000000eab00000)
  object space 260608K, 99% used [0x00000000c0000000,0x00000000cfe7f620,0x00000000cfe80000)
 Metaspace       used 52112K, committed 53504K, reserved 1114112K
  class space    used 5544K, committed 6144K, reserved 1048576K
}
Event: 28.153 GC heap after
{Heap after GC invocations=141 (full 2):
 PSYoungGen      total 6656K, used 1231K [0x00000000eab00000, 0x00000000eb300000, 0x0000000100000000)
  eden space 5120K, 0% used [0x00000000eab00000,0x00000000eab00000,0x00000000eb000000)
  from space 1536K, 80% used [0x00000000eb000000,0x00000000eb133e78,0x00000000eb180000)
  to   space 1536K, 0% used [0x00000000eb180000,0x00000000eb180000,0x00000000eb300000)
 ParOldGen       total 262144K, used 261790K [0x00000000c0000000, 0x00000000d0000000, 0x00000000eab00000)
  object space 262144K, 99% used [0x00000000c0000000,0x00000000cffa7bd0,0x00000000d0000000)
 Metaspace       used 52112K, committed 53504K, reserved 1114112K
  class space    used 5544K, committed 6144K, reserved 1048576K
}
Event: 28.174 GC heap before
{Heap before GC invocations=142 (full 2):
 PSYoungGen      total 6656K, used 6351K [0x00000000eab00000, 0x00000000eb300000, 0x0000000100000000)
  eden space 5120K, 100% used [0x00000000eab00000,0x00000000eb000000,0x00000000eb000000)
  from space 1536K, 80% used [0x00000000eb000000,0x00000000eb133e78,0x00000000eb180000)
  to   space 1536K, 0% used [0x00000000eb180000,0x00000000eb180000,0x00000000eb300000)
 ParOldGen       total 262144K, used 261790K [0x00000000c0000000, 0x00000000d0000000, 0x00000000eab00000)
  object space 262144K, 99% used [0x00000000c0000000,0x00000000cffa7bd0,0x00000000d0000000)
 Metaspace       used 52112K, committed 53504K, reserved 1114112K
  class space    used 5544K, committed 6144K, reserved 1048576K
}
Event: 28.177 GC heap after
{Heap after GC invocations=142 (full 2):
 PSYoungGen      total 6656K, used 1243K [0x00000000eab00000, 0x00000000eb300000, 0x0000000100000000)
  eden space 5120K, 0% used [0x00000000eab00000,0x00000000eab00000,0x00000000eb000000)
  from space 1536K, 80% used [0x00000000eb180000,0x00000000eb2b6cd0,0x00000000eb300000)
  to   space 1536K, 0% used [0x00000000eb000000,0x00000000eb000000,0x00000000eb180000)
 ParOldGen       total 263168K, used 262972K [0x00000000c0000000, 0x00000000d0100000, 0x00000000eab00000)
  object space 263168K, 99% used [0x00000000c0000000,0x00000000d00cf288,0x00000000d0100000)
 Metaspace       used 52112K, committed 53504K, reserved 1114112K
  class space    used 5544K, committed 6144K, reserved 1048576K
}
Event: 28.200 GC heap before
{Heap before GC invocations=143 (full 2):
 PSYoungGen      total 6656K, used 6363K [0x00000000eab00000, 0x00000000eb300000, 0x0000000100000000)
  eden space 5120K, 100% used [0x00000000eab00000,0x00000000eb000000,0x00000000eb000000)
  from space 1536K, 80% used [0x00000000eb180000,0x00000000eb2b6cd0,0x00000000eb300000)
  to   space 1536K, 0% used [0x00000000eb000000,0x00000000eb000000,0x00000000eb180000)
 ParOldGen       total 263168K, used 262972K [0x00000000c0000000, 0x00000000d0100000, 0x00000000eab00000)
  object space 263168K, 99% used [0x00000000c0000000,0x00000000d00cf288,0x00000000d0100000)
 Metaspace       used 52112K, committed 53504K, reserved 1114112K
  class space    used 5544K, committed 6144K, reserved 1048576K
}
Event: 28.203 GC heap after
{Heap after GC invocations=143 (full 2):
 PSYoungGen      total 6656K, used 1265K [0x00000000eab00000, 0x00000000eb300000, 0x0000000100000000)
  eden space 5120K, 0% used [0x00000000eab00000,0x00000000eab00000,0x00000000eb000000)
  from space 1536K, 82% used [0x00000000eb000000,0x00000000eb13c688,0x00000000eb180000)
  to   space 1536K, 0% used [0x00000000eb180000,0x00000000eb180000,0x00000000eb300000)
 ParOldGen       total 264192K, used 264142K [0x00000000c0000000, 0x00000000d0200000, 0x00000000eab00000)
  object space 264192K, 99% used [0x00000000c0000000,0x00000000d01f38e0,0x00000000d0200000)
 Metaspace       used 52112K, committed 53504K, reserved 1114112K
  class space    used 5544K, committed 6144K, reserved 1048576K
}
Event: 28.231 GC heap before
{Heap before GC invocations=144 (full 2):
 PSYoungGen      total 6656K, used 6380K [0x00000000eab00000, 0x00000000eb300000, 0x0000000100000000)
  eden space 5120K, 99% used [0x00000000eab00000,0x00000000eaffea70,0x00000000eb000000)
  from space 1536K, 82% used [0x00000000eb000000,0x00000000eb13c688,0x00000000eb180000)
  to   space 1536K, 0% used [0x00000000eb180000,0x00000000eb180000,0x00000000eb300000)
 ParOldGen       total 264192K, used 264142K [0x00000000c0000000, 0x00000000d0200000, 0x00000000eab00000)
  object space 264192K, 99% used [0x00000000c0000000,0x00000000d01f38e0,0x00000000d0200000)
 Metaspace       used 52112K, committed 53504K, reserved 1114112K
  class space    used 5544K, committed 6144K, reserved 1048576K
}

