# JRE version: OpenJDK Runtime Environment Temurin-21.0.8+9 (21.0.8+9) (build 21.0.8+9-LTS)
# Java VM: OpenJDK 64-Bit Server VM Temurin-21.0.8+9 (21.0.8+9-LTS, mixed mode, sharing, tiered, compressed oops, compressed class ptrs, parallel gc, windows-amd64)
GC Precious Log:
 CardTable entry size: 512
 CPUs: 4 total, 4 available
 Memory: 3784M
 Large Page Support: Disabled
 NUMA Support: Disabled
 Compressed Oops: Enabled (32-bit)
 Alignments: Space 512K, Generation 512K, Heap 2M
 Heap Min Capacity: 100M
 Heap Initial Capacity: 100M
 Heap Max Capacity: 2G
 Pre-touch: Disabled
 Parallel Workers: 4
Heap:
 PSYoungGen      total 5632K, used 3735K [0x00000000d5580000, 0x00000000d5c80000, 0x0000000100000000)
  eden space 5120K, 63% used [0x00000000d5580000,0x00000000d58addc0,0x00000000d5a80000)
  from space 512K, 93% used [0x00000000d5c00000,0x00000000d5c78040,0x00000000d5c80000)
  to   space 1024K, 0% used [0x00000000d5a80000,0x00000000d5a80000,0x00000000d5b80000)
 ParOldGen       total 717312K, used 717167K [0x0000000080000000, 0x00000000abc80000, 0x00000000d5580000)
  object space 717312K, 99% used [0x0000000080000000,0x00000000abc5bf88,0x00000000abc80000)
 Metaspace       used 95215K, committed 96896K, reserved 1179648K
  class space    used 9667K, committed 10432K, reserved 1048576K
GC Heap History (20 events):
Event: 5856.184 GC heap before
{Heap before GC invocations=2992 (full 6):
 PSYoungGen      total 3072K, used 2720K [0x00000000d5580000, 0x00000000d5a00000, 0x0000000100000000)
  eden space 2048K, 100% used [0x00000000d5580000,0x00000000d5780000,0x00000000d5780000)
  from space 1024K, 65% used [0x00000000d5900000,0x00000000d59a8000,0x00000000d5a00000)
  to   space 1024K, 0% used [0x00000000d5800000,0x00000000d5800000,0x00000000d5900000)
 ParOldGen       total 715264K, used 714767K [0x0000000080000000, 0x00000000aba80000, 0x00000000d5580000)
  object space 715264K, 99% used [0x0000000080000000,0x00000000aba03cb8,0x00000000aba80000)
 Metaspace       used 95087K, committed 96832K, reserved 1179648K
  class space    used 9649K, committed 10432K, reserved 1048576K
}
Event: 5856.207 GC heap after
{Heap after GC invocations=2992 (full 6):
 PSYoungGen      total 3584K, used 250K [0x00000000d5580000, 0x00000000d5980000, 0x0000000100000000)
  eden space 2560K, 0% used [0x00000000d5580000,0x00000000d5580000,0x00000000d5800000)
  from space 1024K, 24% used [0x00000000d5800000,0x00000000d583e900,0x00000000d5900000)
  to   space 512K, 0% used [0x00000000d5900000,0x00000000d5900000,0x00000000d5980000)
 ParOldGen       total 715776K, used 715391K [0x0000000080000000, 0x00000000abb00000, 0x00000000d5580000)
  object space 715776K, 99% used [0x0000000080000000,0x00000000aba9fcb8,0x00000000abb00000)
 Metaspace       used 95087K, committed 96832K, reserved 1179648K
  class space    used 9649K, committed 10432K, reserved 1048576K
}
Event: 5856.233 GC heap before
{Heap before GC invocations=2993 (full 6):
 PSYoungGen      total 3584K, used 2810K [0x00000000d5580000, 0x00000000d5980000, 0x0000000100000000)
  eden space 2560K, 100% used [0x00000000d5580000,0x00000000d5800000,0x00000000d5800000)
  from space 1024K, 24% used [0x00000000d5800000,0x00000000d583e900,0x00000000d5900000)
  to   space 512K, 0% used [0x00000000d5900000,0x00000000d5900000,0x00000000d5980000)
 ParOldGen       total 715776K, used 715391K [0x0000000080000000, 0x00000000abb00000, 0x00000000d5580000)
  object space 715776K, 99% used [0x0000000080000000,0x00000000aba9fcb8,0x00000000abb00000)
 Metaspace       used 95087K, committed 96832K, reserved 1179648K
  class space    used 9649K, committed 10432K, reserved 1048576K
}
Event: 5856.284 GC heap after
{Heap after GC invocations=2993 (full 6):
 PSYoungGen      total 3584K, used 464K [0x00000000d5580000, 0x00000000d5980000, 0x0000000100000000)
  eden space 3072K, 0% used [0x00000000d5580000,0x00000000d5580000,0x00000000d5880000)
  from space 512K, 90% used [0x00000000d5900000,0x00000000d5974010,0x00000000d5980000)
  to   space 512K, 0% used [0x00000000d5880000,0x00000000d5880000,0x00000000d5900000)
 ParOldGen       total 715776K, used 715576K [0x0000000080000000, 0x00000000abb00000, 0x00000000d5580000)
  object space 715776K, 99% used [0x0000000080000000,0x00000000abace138,0x00000000abb00000)
 Metaspace       used 95087K, committed 96832K, reserved 1179648K
  class space    used 9649K, committed 10432K, reserved 1048576K
}
Event: 5856.344 GC heap before
{Heap before GC invocations=2994 (full 6):
 PSYoungGen      total 3584K, used 3535K [0x00000000d5580000, 0x00000000d5980000, 0x0000000100000000)
  eden space 3072K, 99% used [0x00000000d5580000,0x00000000d587ffc0,0x00000000d5880000)
  from space 512K, 90% used [0x00000000d5900000,0x00000000d5974010,0x00000000d5980000)
  to   space 512K, 0% used [0x00000000d5880000,0x00000000d5880000,0x00000000d5900000)
 ParOldGen       total 715776K, used 715576K [0x0000000080000000, 0x00000000abb00000, 0x00000000d5580000)
  object space 715776K, 99% used [0x0000000080000000,0x00000000abace138,0x00000000abb00000)
 Metaspace       used 95087K, committed 96832K, reserved 1179648K
  class space    used 9649K, committed 10432K, reserved 1048576K
}
Event: 5856.347 GC heap after
{Heap after GC invocations=2994 (full 6):
 PSYoungGen      total 3584K, used 484K [0x00000000d5580000, 0x00000000d5b80000, 0x0000000100000000)
  eden space 3072K, 0% used [0x00000000d5580000,0x00000000d5580000,0x00000000d5880000)
  from space 512K, 94% used [0x00000000d5880000,0x00000000d58f9210,0x00000000d5900000)
  to   space 1024K, 0% used [0x00000000d5a80000,0x00000000d5a80000,0x00000000d5b80000)
 ParOldGen       total 716288K, used 715984K [0x0000000080000000, 0x00000000abb80000, 0x00000000d5580000)
  object space 716288K, 99% used [0x0000000080000000,0x00000000abb34148,0x00000000abb80000)
 Metaspace       used 95087K, committed 96832K, reserved 1179648K
  class space    used 9649K, committed 10432K, reserved 1048576K
}
Event: 5856.424 GC heap before
{Heap before GC invocations=2995 (full 6):
 PSYoungGen      total 3584K, used 3556K [0x00000000d5580000, 0x00000000d5b80000, 0x0000000100000000)
  eden space 3072K, 99% used [0x00000000d5580000,0x00000000d587fff8,0x00000000d5880000)
  from space 512K, 94% used [0x00000000d5880000,0x00000000d58f9210,0x00000000d5900000)
  to   space 1024K, 0% used [0x00000000d5a80000,0x00000000d5a80000,0x00000000d5b80000)
 ParOldGen       total 716288K, used 715984K [0x0000000080000000, 0x00000000abb80000, 0x00000000d5580000)
  object space 716288K, 99% used [0x0000000080000000,0x00000000abb34148,0x00000000abb80000)
 Metaspace       used 95087K, committed 96832K, reserved 1179648K
  class space    used 9649K, committed 10432K, reserved 1048576K
}
Event: 5856.502 GC heap after
{Heap after GC invocations=2995 (full 6):
 PSYoungGen      total 5120K, used 320K [0x00000000d5580000, 0x00000000d5b80000, 0x0000000100000000)
  eden space 4096K, 0% used [0x00000000d5580000,0x00000000d5580000,0x00000000d5980000)
  from space 1024K, 31% used [0x00000000d5a80000,0x00000000d5ad0000,0x00000000d5b80000)
  to   space 1024K, 0% used [0x00000000d5980000,0x00000000d5980000,0x00000000d5a80000)
 ParOldGen       total 716800K, used 716428K [0x0000000080000000, 0x00000000abc00000, 0x00000000d5580000)
  object space 716800K, 99% used [0x0000000080000000,0x00000000abba3358,0x00000000abc00000)
 Metaspace       used 95087K, committed 96832K, reserved 1179648K
  class space    used 9649K, committed 10432K, reserved 1048576K
}
Event: 5856.696 GC heap before
{Heap before GC invocations=2996 (full 6):
 PSYoungGen      total 5120K, used 4416K [0x00000000d5580000, 0x00000000d5b80000, 0x0000000100000000)
  eden space 4096K, 100% used [0x00000000d5580000,0x00000000d5980000,0x00000000d5980000)
  from space 1024K, 31% used [0x00000000d5a80000,0x00000000d5ad0000,0x00000000d5b80000)
  to   space 1024K, 0% used [0x00000000d5980000,0x00000000d5980000,0x00000000d5a80000)
 ParOldGen       total 716800K, used 716428K [0x0000000080000000, 0x00000000abc00000, 0x00000000d5580000)
  object space 716800K, 99% used [0x0000000080000000,0x00000000abba3358,0x00000000abc00000)
 Metaspace       used 95087K, committed 96832K, reserved 1179648K
  class space    used 9649K, committed 10432K, reserved 1048576K
}
Event: 5856.715 GC heap after
{Heap after GC invocations=2996 (full 6):
 PSYoungGen      total 5120K, used 644K [0x00000000d5580000, 0x00000000d5c80000, 0x0000000100000000)
  eden space 4096K, 0% used [0x00000000d5580000,0x00000000d5580000,0x00000000d5980000)
  from space 1024K, 62% used [0x00000000d5980000,0x00000000d5a21210,0x00000000d5a80000)
  to   space 1024K, 0% used [0x00000000d5b80000,0x00000000d5b80000,0x00000000d5c80000)
 ParOldGen       total 716800K, used 716676K [0x0000000080000000, 0x00000000abc00000, 0x00000000d5580000)
  object space 716800K, 99% used [0x0000000080000000,0x00000000abbe1358,0x00000000abc00000)
 Metaspace       used 95087K, committed 96832K, reserved 1179648K
  class space    used 9649K, committed 10432K, reserved 1048576K
}
Event: 5856.787 GC heap before
{Heap before GC invocations=2997 (full 6):
 PSYoungGen      total 5120K, used 4740K [0x00000000d5580000, 0x00000000d5c80000, 0x0000000100000000)
  eden space 4096K, 100% used [0x00000000d5580000,0x00000000d5980000,0x00000000d5980000)
  from space 1024K, 62% used [0x00000000d5980000,0x00000000d5a21210,0x00000000d5a80000)
  to   space 1024K, 0% used [0x00000000d5b80000,0x00000000d5b80000,0x00000000d5c80000)
 ParOldGen       total 716800K, used 716676K [0x0000000080000000, 0x00000000abc00000, 0x00000000d5580000)
  object space 716800K, 99% used [0x0000000080000000,0x00000000abbe1358,0x00000000abc00000)
 Metaspace       used 95089K, committed 96832K, reserved 1179648K
  class space    used 9650K, committed 10432K, reserved 1048576K
}
Event: 5856.855 GC heap after
{Heap after GC invocations=2997 (full 6):
 PSYoungGen      total 6144K, used 452K [0x00000000d5580000, 0x00000000d5c80000, 0x0000000100000000)
  eden space 5120K, 0% used [0x00000000d5580000,0x00000000d5580000,0x00000000d5a80000)
  from space 1024K, 44% used [0x00000000d5b80000,0x00000000d5bf1210,0x00000000d5c80000)
  to   space 1024K, 0% used [0x00000000d5a80000,0x00000000d5a80000,0x00000000d5b80000)
 ParOldGen       total 717312K, used 716844K [0x0000000080000000, 0x00000000abc80000, 0x00000000d5580000)
  object space 717312K, 99% used [0x0000000080000000,0x00000000abc0b358,0x00000000abc80000)
 Metaspace       used 95089K, committed 96832K, reserved 1179648K
  class space    used 9650K, committed 10432K, reserved 1048576K
}
Event: 5858.243 GC heap before
{Heap before GC invocations=2998 (full 6):
 PSYoungGen      total 6144K, used 5572K [0x00000000d5580000, 0x00000000d5c80000, 0x0000000100000000)
  eden space 5120K, 100% used [0x00000000d5580000,0x00000000d5a80000,0x00000000d5a80000)
  from space 1024K, 44% used [0x00000000d5b80000,0x00000000d5bf1210,0x00000000d5c80000)
  to   space 1024K, 0% used [0x00000000d5a80000,0x00000000d5a80000,0x00000000d5b80000)
 ParOldGen       total 717312K, used 716844K [0x0000000080000000, 0x00000000abc80000, 0x00000000d5580000)
  object space 717312K, 99% used [0x0000000080000000,0x00000000abc0b358,0x00000000abc80000)
 Metaspace       used 95097K, committed 96832K, reserved 1179648K
  class space    used 9651K, committed 10432K, reserved 1048576K
}
Event: 5858.246 GC heap after
{Heap after GC invocations=2998 (full 6):
 PSYoungGen      total 6144K, used 288K [0x00000000d5580000, 0x00000000d5c80000, 0x0000000100000000)
  eden space 5120K, 0% used [0x00000000d5580000,0x00000000d5580000,0x00000000d5a80000)
  from space 1024K, 28% used [0x00000000d5a80000,0x00000000d5ac8020,0x00000000d5b80000)
  to   space 512K, 0% used [0x00000000d5c00000,0x00000000d5c00000,0x00000000d5c80000)
 ParOldGen       total 717312K, used 716892K [0x0000000080000000, 0x00000000abc80000, 0x00000000d5580000)
  object space 717312K, 99% used [0x0000000080000000,0x00000000abc17358,0x00000000abc80000)
 Metaspace       used 95097K, committed 96832K, reserved 1179648K
  class space    used 9651K, committed 10432K, reserved 1048576K
}
Event: 5858.463 GC heap before
{Heap before GC invocations=2999 (full 6):
 PSYoungGen      total 6144K, used 5316K [0x00000000d5580000, 0x00000000d5c80000, 0x0000000100000000)
  eden space 5120K, 98% used [0x00000000d5580000,0x00000000d5a69158,0x00000000d5a80000)
  from space 1024K, 28% used [0x00000000d5a80000,0x00000000d5ac8020,0x00000000d5b80000)
  to   space 512K, 0% used [0x00000000d5c00000,0x00000000d5c00000,0x00000000d5c80000)
 ParOldGen       total 717312K, used 716892K [0x0000000080000000, 0x00000000abc80000, 0x00000000d5580000)
  object space 717312K, 99% used [0x0000000080000000,0x00000000abc17358,0x00000000abc80000)
 Metaspace       used 95100K, committed 96832K, reserved 1179648K
  class space    used 9651K, committed 10432K, reserved 1048576K
}
Event: 5858.466 GC heap after
{Heap after GC invocations=2999 (full 6):
 PSYoungGen      total 5632K, used 224K [0x00000000d5580000, 0x00000000d5c80000, 0x0000000100000000)
  eden space 5120K, 0% used [0x00000000d5580000,0x00000000d5580000,0x00000000d5a80000)
  from space 512K, 43% used [0x00000000d5c00000,0x00000000d5c38000,0x00000000d5c80000)
  to   space 512K, 0% used [0x00000000d5b80000,0x00000000d5b80000,0x00000000d5c00000)
 ParOldGen       total 717312K, used 716972K [0x0000000080000000, 0x00000000abc80000, 0x00000000d5580000)
  object space 717312K, 99% used [0x0000000080000000,0x00000000abc2b368,0x00000000abc80000)
 Metaspace       used 95100K, committed 96832K, reserved 1179648K
  class space    used 9651K, committed 10432K, reserved 1048576K
}
Event: 5858.603 GC heap before
{Heap before GC invocations=3000 (full 6):
 PSYoungGen      total 5632K, used 5332K [0x00000000d5580000, 0x00000000d5c80000, 0x0000000100000000)
  eden space 5120K, 99% used [0x00000000d5580000,0x00000000d5a7d110,0x00000000d5a80000)
  from space 512K, 43% used [0x00000000d5c00000,0x00000000d5c38000,0x00000000d5c80000)
  to   space 512K, 0% used [0x00000000d5b80000,0x00000000d5b80000,0x00000000d5c00000)
 ParOldGen       total 717312K, used 716972K [0x0000000080000000, 0x00000000abc80000, 0x00000000d5580000)
  object space 717312K, 99% used [0x0000000080000000,0x00000000abc2b368,0x00000000abc80000)
 Metaspace       used 95100K, committed 96832K, reserved 1179648K
  class space    used 9651K, committed 10432K, reserved 1048576K
}
Event: 5858.608 GC heap after
{Heap after GC invocations=3000 (full 6):
 PSYoungGen      total 5632K, used 96K [0x00000000d5580000, 0x00000000d5c80000, 0x0000000100000000)
  eden space 5120K, 0% used [0x00000000d5580000,0x00000000d5580000,0x00000000d5a80000)
  from space 512K, 18% used [0x00000000d5b80000,0x00000000d5b98000,0x00000000d5c00000)
  to   space 512K, 0% used [0x00000000d5c00000,0x00000000d5c00000,0x00000000d5c80000)
 ParOldGen       total 717312K, used 717124K [0x0000000080000000, 0x00000000abc80000, 0x00000000d5580000)
  object space 717312K, 99% used [0x0000000080000000,0x00000000abc51368,0x00000000abc80000)
 Metaspace       used 95100K, committed 96832K, reserved 1179648K
  class space    used 9651K, committed 10432K, reserved 1048576K
}
Event: 5905.720 GC heap before
{Heap before GC invocations=3001 (full 6):
 PSYoungGen      total 5632K, used 5216K [0x00000000d5580000, 0x00000000d5c80000, 0x0000000100000000)
  eden space 5120K, 100% used [0x00000000d5580000,0x00000000d5a80000,0x00000000d5a80000)
  from space 512K, 18% used [0x00000000d5b80000,0x00000000d5b98000,0x00000000d5c00000)
  to   space 512K, 0% used [0x00000000d5c00000,0x00000000d5c00000,0x00000000d5c80000)
 ParOldGen       total 717312K, used 717124K [0x0000000080000000, 0x00000000abc80000, 0x00000000d5580000)
  object space 717312K, 99% used [0x0000000080000000,0x00000000abc51368,0x00000000abc80000)
 Metaspace       used 95201K, committed 96896K, reserved 1179648K
  class space    used 9667K, committed 10432K, reserved 1048576K
}
Event: 5906.103 GC heap after
{Heap after GC invocations=3001 (full 6):
 PSYoungGen      total 5632K, used 480K [0x00000000d5580000, 0x00000000d5c80000, 0x0000000100000000)
  eden space 5120K, 0% used [0x00000000d5580000,0x00000000d5580000,0x00000000d5a80000)
  from space 512K, 93% used [0x00000000d5c00000,0x00000000d5c78040,0x00000000d5c80000)
  to   space 1024K, 0% used [0x00000000d5a80000,0x00000000d5a80000,0x00000000d5b80000)
 ParOldGen       total 717312K, used 717167K [0x0000000080000000, 0x00000000abc80000, 0x00000000d5580000)
  object space 717312K, 99% used [0x0000000080000000,0x00000000abc5bf88,0x00000000abc80000)
 Metaspace       used 95201K, committed 96896K, reserved 1179648K
  class space    used 9667K, committed 10432K, reserved 1048576K
}

