# JRE version: Java(TM) SE Runtime Environment (17.0.12+8) (build 17.0.12+8-LTS-286)
# Java VM: Java HotSpot(TM) 64-Bit Server VM (17.0.12+8-LTS-286, mixed mode, sharing, tiered, compressed oops, compressed class ptrs, g1 gc, windows-amd64)
GC Precious Log:
 CPUs: 4 total, 4 available
 Memory: 3784M
 Large Page Support: Disabled
 NUMA Support: Disabled
 Compressed Oops: Enabled (32-bit)
 Heap Region Size: 1M
 Heap Min Capacity: 8M
 Heap Initial Capacity: 60M
 Heap Max Capacity: 948M
 Pre-touch: Disabled
 Parallel Workers: 4
 Concurrent Workers: 1
 Concurrent Refinement Workers: 4
 Periodic GC: Disabled
Heap:
 garbage-first heap   total 109568K, used 55584K [0x00000000c4c00000, 0x0000000100000000)
  region size 1024K, 17 young (17408K), 2 survivors (2048K)
 Metaspace       used 97133K, committed 97856K, reserved 1179648K
  class space    used 12404K, committed 12736K, reserved 1048576K
GC Heap History (20 events):
Event: 6999.866 GC heap before
{Heap before GC invocations=80 (full 3):
 garbage-first heap   total 84992K, used 65924K [0x00000000c4c00000, 0x0000000100000000)
  region size 1024K, 32 young (32768K), 3 survivors (3072K)
 Metaspace       used 87731K, committed 88384K, reserved 1179648K
  class space    used 11508K, committed 11840K, reserved 1048576K
}
Event: 6999.879 GC heap after
{Heap after GC invocations=81 (full 3):
 garbage-first heap   total 84992K, used 37841K [0x00000000c4c00000, 0x0000000100000000)
  region size 1024K, 2 young (2048K), 2 survivors (2048K)
 Metaspace       used 87731K, committed 88384K, reserved 1179648K
  class space    used 11508K, committed 11840K, reserved 1048576K
}
Event: 6999.897 GC heap before
{Heap before GC invocations=81 (full 3):
 garbage-first heap   total 84992K, used 37841K [0x00000000c4c00000, 0x0000000100000000)
  region size 1024K, 3 young (3072K), 2 survivors (2048K)
 Metaspace       used 87732K, committed 88384K, reserved 1179648K
  class space    used 11508K, committed 11840K, reserved 1048576K
}
Event: 7000.508 GC heap after
{Heap after GC invocations=82 (full 4):
 garbage-first heap   total 84992K, used 31004K [0x00000000c4c00000, 0x0000000100000000)
  region size 1024K, 0 young (0K), 0 survivors (0K)
 Metaspace       used 87729K, committed 88384K, reserved 1179648K
  class space    used 11508K, committed 11840K, reserved 1048576K
}
Event: 7001.671 GC heap before
{Heap before GC invocations=82 (full 4):
 garbage-first heap   total 84992K, used 65820K [0x00000000c4c00000, 0x0000000100000000)
  region size 1024K, 34 young (34816K), 0 survivors (0K)
 Metaspace       used 88034K, committed 88704K, reserved 1179648K
  class space    used 11535K, committed 11840K, reserved 1048576K
}
Event: 7001.678 GC heap after
{Heap after GC invocations=83 (full 4):
 garbage-first heap   total 252928K, used 34534K [0x00000000c4c00000, 0x0000000100000000)
  region size 1024K, 4 young (4096K), 4 survivors (4096K)
 Metaspace       used 88034K, committed 88704K, reserved 1179648K
  class space    used 11535K, committed 11840K, reserved 1048576K
}
Event: 7570.187 GC heap before
{Heap before GC invocations=83 (full 4):
 garbage-first heap   total 252928K, used 146150K [0x00000000c4c00000, 0x0000000100000000)
  region size 1024K, 114 young (116736K), 4 survivors (4096K)
 Metaspace       used 88958K, committed 89664K, reserved 1179648K
  class space    used 11582K, committed 11904K, reserved 1048576K
}
Event: 7574.705 GC heap after
{Heap after GC invocations=84 (full 5):
 garbage-first heap   total 109568K, used 31765K [0x00000000c4c00000, 0x0000000100000000)
  region size 1024K, 0 young (0K), 0 survivors (0K)
 Metaspace       used 88955K, committed 89664K, reserved 1179648K
  class space    used 11581K, committed 11904K, reserved 1048576K
}
Event: 7590.383 GC heap before
{Heap before GC invocations=84 (full 5):
 garbage-first heap   total 109568K, used 80917K [0x00000000c4c00000, 0x0000000100000000)
  region size 1024K, 49 young (50176K), 0 survivors (0K)
 Metaspace       used 92578K, committed 93248K, reserved 1179648K
  class space    used 11983K, committed 12288K, reserved 1048576K
}
Event: 7590.406 GC heap after
{Heap after GC invocations=85 (full 5):
 garbage-first heap   total 109568K, used 36450K [0x00000000c4c00000, 0x0000000100000000)
  region size 1024K, 5 young (5120K), 5 survivors (5120K)
 Metaspace       used 92578K, committed 93248K, reserved 1179648K
  class space    used 11983K, committed 12288K, reserved 1048576K
}
Event: 7592.041 GC heap before
{Heap before GC invocations=86 (full 5):
 garbage-first heap   total 109568K, used 82530K [0x00000000c4c00000, 0x0000000100000000)
  region size 1024K, 50 young (51200K), 5 survivors (5120K)
 Metaspace       used 95285K, committed 96000K, reserved 1179648K
  class space    used 12302K, committed 12608K, reserved 1048576K
}
Event: 7592.068 GC heap after
{Heap after GC invocations=87 (full 5):
 garbage-first heap   total 109568K, used 39670K [0x00000000c4c00000, 0x0000000100000000)
  region size 1024K, 4 young (4096K), 4 survivors (4096K)
 Metaspace       used 95285K, committed 96000K, reserved 1179648K
  class space    used 12302K, committed 12608K, reserved 1048576K
}
Event: 7594.123 GC heap before
{Heap before GC invocations=87 (full 5):
 garbage-first heap   total 109568K, used 55030K [0x00000000c4c00000, 0x0000000100000000)
  region size 1024K, 20 young (20480K), 4 survivors (4096K)
 Metaspace       used 95401K, committed 96064K, reserved 1179648K
  class space    used 12308K, committed 12608K, reserved 1048576K
}
Event: 7594.453 GC heap after
{Heap after GC invocations=88 (full 6):
 garbage-first heap   total 109568K, used 32551K [0x00000000c4c00000, 0x0000000100000000)
  region size 1024K, 0 young (0K), 0 survivors (0K)
 Metaspace       used 95398K, committed 96064K, reserved 1179648K
  class space    used 12307K, committed 12608K, reserved 1048576K
}
Event: 7598.032 GC heap before
{Heap before GC invocations=88 (full 6):
 garbage-first heap   total 109568K, used 80679K [0x00000000c4c00000, 0x0000000100000000)
  region size 1024K, 48 young (49152K), 0 survivors (0K)
 Metaspace       used 95786K, committed 96512K, reserved 1179648K
  class space    used 12343K, committed 12672K, reserved 1048576K
}
Event: 7598.052 GC heap after
{Heap after GC invocations=89 (full 6):
 garbage-first heap   total 109568K, used 37466K [0x00000000c4c00000, 0x0000000100000000)
  region size 1024K, 5 young (5120K), 5 survivors (5120K)
 Metaspace       used 95786K, committed 96512K, reserved 1179648K
  class space    used 12343K, committed 12672K, reserved 1048576K
}
Event: 7599.821 GC heap before
{Heap before GC invocations=90 (full 6):
 garbage-first heap   total 109568K, used 83546K [0x00000000c4c00000, 0x0000000100000000)
  region size 1024K, 50 young (51200K), 5 survivors (5120K)
 Metaspace       used 96448K, committed 97152K, reserved 1179648K
  class space    used 12384K, committed 12736K, reserved 1048576K
}
Event: 7599.831 GC heap after
{Heap after GC invocations=91 (full 6):
 garbage-first heap   total 109568K, used 39881K [0x00000000c4c00000, 0x0000000100000000)
  region size 1024K, 4 young (4096K), 4 survivors (4096K)
 Metaspace       used 96448K, committed 97152K, reserved 1179648K
  class space    used 12384K, committed 12736K, reserved 1048576K
}
Event: 8060.907 GC heap before
{Heap before GC invocations=91 (full 6):
 garbage-first heap   total 109568K, used 84937K [0x00000000c4c00000, 0x0000000100000000)
  region size 1024K, 48 young (49152K), 4 survivors (4096K)
 Metaspace       used 96633K, committed 97344K, reserved 1179648K
  class space    used 12404K, committed 12736K, reserved 1048576K
}
Event: 8061.551 GC heap after
{Heap after GC invocations=92 (full 6):
 garbage-first heap   total 109568K, used 41248K [0x00000000c4c00000, 0x0000000100000000)
  region size 1024K, 2 young (2048K), 2 survivors (2048K)
 Metaspace       used 96633K, committed 97344K, reserved 1179648K
  class space    used 12404K, committed 12736K, reserved 1048576K
}

