# JRE version: OpenJDK Runtime Environment Temurin-21.0.8+9 (21.0.8+9) (build 21.0.8+9-LTS)
# Java VM: OpenJDK 64-Bit Server VM Temurin-21.0.8+9 (21.0.8+9-LTS, mixed mode, sharing, tiered, compressed oops, compressed class ptrs, parallel gc, windows-amd64)
GC Precious Log:
 CardTable entry size: 512
 CPUs: 4 total, 4 available
 Memory: 3784M
 Large Page Support: Disabled
 NUMA Support: Disabled
 Compressed Oops: Enabled (32-bit)
 Alignments: Space 512K, Generation 512K, Heap 2M
 Heap Min Capacity: 100M
 Heap Initial Capacity: 100M
 Heap Max Capacity: 2G
 Pre-touch: Disabled
 Parallel Workers: 4
Heap:
 PSYoungGen      total 1536K, used 351K [0x00000000d5580000, 0x00000000d5800000, 0x0000000100000000)
  eden space 1024K, 21% used [0x00000000d5580000,0x00000000d55b7cd8,0x00000000d5680000)
  from space 512K, 25% used [0x00000000d5700000,0x00000000d5720000,0x00000000d5780000)
  to   space 512K, 0% used [0x00000000d5780000,0x00000000d5780000,0x00000000d5800000)
 ParOldGen       total 793600K, used 793279K [0x0000000080000000, 0x00000000b0700000, 0x00000000d5580000)
  object space 793600K, 99% used [0x0000000080000000,0x00000000b06afc80,0x00000000b0700000)
 Metaspace       used 71946K, committed 73472K, reserved 1179648K
  class space    used 7321K, committed 8064K, reserved 1048576K
GC Heap History (20 events):
Event: 411.358 GC heap before
{Heap before GC invocations=1877 (full 3):
 PSYoungGen      total 1536K, used 1152K [0x00000000d5580000, 0x00000000d5800000, 0x0000000100000000)
  eden space 1024K, 100% used [0x00000000d5580000,0x00000000d5680000,0x00000000d5680000)
  from space 512K, 25% used [0x00000000d5680000,0x00000000d56a0000,0x00000000d5700000)
  to   space 512K, 0% used [0x00000000d5780000,0x00000000d5780000,0x00000000d5800000)
 ParOldGen       total 791552K, used 791286K [0x0000000080000000, 0x00000000b0500000, 0x00000000d5580000)
  object space 791552K, 99% used [0x0000000080000000,0x00000000b04bdb38,0x00000000b0500000)
 Metaspace       used 71469K, committed 72960K, reserved 1114112K
  class space    used 7257K, committed 8000K, reserved 1048576K
}
Event: 411.366 GC heap after
{Heap after GC invocations=1877 (full 3):
 PSYoungGen      total 1536K, used 64K [0x00000000d5580000, 0x00000000d5800000, 0x0000000100000000)
  eden space 1024K, 0% used [0x00000000d5580000,0x00000000d5580000,0x00000000d5680000)
  from space 512K, 12% used [0x00000000d5780000,0x00000000d5790000,0x00000000d5800000)
  to   space 512K, 0% used [0x00000000d5680000,0x00000000d5680000,0x00000000d5700000)
 ParOldGen       total 791552K, used 791310K [0x0000000080000000, 0x00000000b0500000, 0x00000000d5580000)
  object space 791552K, 99% used [0x0000000080000000,0x00000000b04c3b38,0x00000000b0500000)
 Metaspace       used 71469K, committed 72960K, reserved 1114112K
  class space    used 7257K, committed 8000K, reserved 1048576K
}
Event: 411.761 GC heap before
{Heap before GC invocations=1878 (full 3):
 PSYoungGen      total 1536K, used 1088K [0x00000000d5580000, 0x00000000d5800000, 0x0000000100000000)
  eden space 1024K, 100% used [0x00000000d5580000,0x00000000d5680000,0x00000000d5680000)
  from space 512K, 12% used [0x00000000d5780000,0x00000000d5790000,0x00000000d5800000)
  to   space 512K, 0% used [0x00000000d5680000,0x00000000d5680000,0x00000000d5700000)
 ParOldGen       total 791552K, used 791310K [0x0000000080000000, 0x00000000b0500000, 0x00000000d5580000)
  object space 791552K, 99% used [0x0000000080000000,0x00000000b04c3b38,0x00000000b0500000)
 Metaspace       used 71601K, committed 73088K, reserved 1179648K
  class space    used 7277K, committed 8000K, reserved 1048576K
}
Event: 411.772 GC heap after
{Heap after GC invocations=1878 (full 3):
 PSYoungGen      total 1536K, used 128K [0x00000000d5580000, 0x00000000d5800000, 0x0000000100000000)
  eden space 1024K, 0% used [0x00000000d5580000,0x00000000d5580000,0x00000000d5680000)
  from space 512K, 25% used [0x00000000d5680000,0x00000000d56a0000,0x00000000d5700000)
  to   space 512K, 0% used [0x00000000d5780000,0x00000000d5780000,0x00000000d5800000)
 ParOldGen       total 791552K, used 791326K [0x0000000080000000, 0x00000000b0500000, 0x00000000d5580000)
  object space 791552K, 99% used [0x0000000080000000,0x00000000b04c7b38,0x00000000b0500000)
 Metaspace       used 71601K, committed 73088K, reserved 1179648K
  class space    used 7277K, committed 8000K, reserved 1048576K
}
Event: 411.920 GC heap before
{Heap before GC invocations=1879 (full 3):
 PSYoungGen      total 1536K, used 1139K [0x00000000d5580000, 0x00000000d5800000, 0x0000000100000000)
  eden space 1024K, 98% used [0x00000000d5580000,0x00000000d567cf80,0x00000000d5680000)
  from space 512K, 25% used [0x00000000d5680000,0x00000000d56a0000,0x00000000d5700000)
  to   space 512K, 0% used [0x00000000d5780000,0x00000000d5780000,0x00000000d5800000)
 ParOldGen       total 791552K, used 791326K [0x0000000080000000, 0x00000000b0500000, 0x00000000d5580000)
  object space 791552K, 99% used [0x0000000080000000,0x00000000b04c7b38,0x00000000b0500000)
 Metaspace       used 71686K, committed 73216K, reserved 1179648K
  class space    used 7300K, committed 8064K, reserved 1048576K
}
Event: 411.922 GC heap after
{Heap after GC invocations=1879 (full 3):
 PSYoungGen      total 1536K, used 224K [0x00000000d5580000, 0x00000000d5800000, 0x0000000100000000)
  eden space 1024K, 0% used [0x00000000d5580000,0x00000000d5580000,0x00000000d5680000)
  from space 512K, 43% used [0x00000000d5780000,0x00000000d57b8000,0x00000000d5800000)
  to   space 512K, 0% used [0x00000000d5680000,0x00000000d5680000,0x00000000d5700000)
 ParOldGen       total 791552K, used 791390K [0x0000000080000000, 0x00000000b0500000, 0x00000000d5580000)
  object space 791552K, 99% used [0x0000000080000000,0x00000000b04d7b38,0x00000000b0500000)
 Metaspace       used 71686K, committed 73216K, reserved 1179648K
  class space    used 7300K, committed 8064K, reserved 1048576K
}
Event: 411.970 GC heap before
{Heap before GC invocations=1880 (full 3):
 PSYoungGen      total 1536K, used 1228K [0x00000000d5580000, 0x00000000d5800000, 0x0000000100000000)
  eden space 1024K, 98% used [0x00000000d5580000,0x00000000d567b030,0x00000000d5680000)
  from space 512K, 43% used [0x00000000d5780000,0x00000000d57b8000,0x00000000d5800000)
  to   space 512K, 0% used [0x00000000d5680000,0x00000000d5680000,0x00000000d5700000)
 ParOldGen       total 791552K, used 791390K [0x0000000080000000, 0x00000000b0500000, 0x00000000d5580000)
  object space 791552K, 99% used [0x0000000080000000,0x00000000b04d7b38,0x00000000b0500000)
 Metaspace       used 71713K, committed 73280K, reserved 1179648K
  class space    used 7304K, committed 8064K, reserved 1048576K
}
Event: 411.978 GC heap after
{Heap after GC invocations=1880 (full 3):
 PSYoungGen      total 1536K, used 468K [0x00000000d5580000, 0x00000000d5880000, 0x0000000100000000)
  eden space 1024K, 0% used [0x00000000d5580000,0x00000000d5580000,0x00000000d5680000)
  from space 512K, 91% used [0x00000000d5680000,0x00000000d56f5368,0x00000000d5700000)
  to   space 1024K, 0% used [0x00000000d5780000,0x00000000d5780000,0x00000000d5880000)
 ParOldGen       total 791552K, used 791502K [0x0000000080000000, 0x00000000b0500000, 0x00000000d5580000)
  object space 791552K, 99% used [0x0000000080000000,0x00000000b04f3b38,0x00000000b0500000)
 Metaspace       used 71713K, committed 73280K, reserved 1179648K
  class space    used 7304K, committed 8064K, reserved 1048576K
}
Event: 412.000 GC heap before
{Heap before GC invocations=1881 (full 3):
 PSYoungGen      total 1536K, used 1492K [0x00000000d5580000, 0x00000000d5880000, 0x0000000100000000)
  eden space 1024K, 100% used [0x00000000d5580000,0x00000000d5680000,0x00000000d5680000)
  from space 512K, 91% used [0x00000000d5680000,0x00000000d56f5368,0x00000000d5700000)
  to   space 1024K, 0% used [0x00000000d5780000,0x00000000d5780000,0x00000000d5880000)
 ParOldGen       total 791552K, used 791502K [0x0000000080000000, 0x00000000b0500000, 0x00000000d5580000)
  object space 791552K, 99% used [0x0000000080000000,0x00000000b04f3b38,0x00000000b0500000)
 Metaspace       used 71713K, committed 73280K, reserved 1179648K
  class space    used 7304K, committed 8064K, reserved 1048576K
}
Event: 412.006 GC heap after
{Heap after GC invocations=1881 (full 3):
 PSYoungGen      total 2048K, used 833K [0x00000000d5580000, 0x00000000d5880000, 0x0000000100000000)
  eden space 1024K, 0% used [0x00000000d5580000,0x00000000d5580000,0x00000000d5680000)
  from space 1024K, 81% used [0x00000000d5780000,0x00000000d58506b8,0x00000000d5880000)
  to   space 1024K, 0% used [0x00000000d5680000,0x00000000d5680000,0x00000000d5780000)
 ParOldGen       total 792064K, used 791640K [0x0000000080000000, 0x00000000b0580000, 0x00000000d5580000)
  object space 792064K, 99% used [0x0000000080000000,0x00000000b05161b0,0x00000000b0580000)
 Metaspace       used 71713K, committed 73280K, reserved 1179648K
  class space    used 7304K, committed 8064K, reserved 1048576K
}
Event: 412.009 GC heap before
{Heap before GC invocations=1882 (full 3):
 PSYoungGen      total 2048K, used 1857K [0x00000000d5580000, 0x00000000d5880000, 0x0000000100000000)
  eden space 1024K, 100% used [0x00000000d5580000,0x00000000d5680000,0x00000000d5680000)
  from space 1024K, 81% used [0x00000000d5780000,0x00000000d58506b8,0x00000000d5880000)
  to   space 1024K, 0% used [0x00000000d5680000,0x00000000d5680000,0x00000000d5780000)
 ParOldGen       total 792064K, used 791640K [0x0000000080000000, 0x00000000b0580000, 0x00000000d5580000)
  object space 792064K, 99% used [0x0000000080000000,0x00000000b05161b0,0x00000000b0580000)
 Metaspace       used 71714K, committed 73280K, reserved 1179648K
  class space    used 7304K, committed 8064K, reserved 1048576K
}
Event: 412.014 GC heap after
{Heap after GC invocations=1882 (full 3):
 PSYoungGen      total 2048K, used 160K [0x00000000d5580000, 0x00000000d5800000, 0x0000000100000000)
  eden space 1024K, 0% used [0x00000000d5580000,0x00000000d5580000,0x00000000d5680000)
  from space 1024K, 15% used [0x00000000d5680000,0x00000000d56a8000,0x00000000d5780000)
  to   space 512K, 0% used [0x00000000d5780000,0x00000000d5780000,0x00000000d5800000)
 ParOldGen       total 792576K, used 792329K [0x0000000080000000, 0x00000000b0600000, 0x00000000d5580000)
  object space 792576K, 99% used [0x0000000080000000,0x00000000b05c25d0,0x00000000b0600000)
 Metaspace       used 71714K, committed 73280K, reserved 1179648K
  class space    used 7304K, committed 8064K, reserved 1048576K
}
Event: 412.020 GC heap before
{Heap before GC invocations=1883 (full 3):
 PSYoungGen      total 2048K, used 1184K [0x00000000d5580000, 0x00000000d5800000, 0x0000000100000000)
  eden space 1024K, 100% used [0x00000000d5580000,0x00000000d5680000,0x00000000d5680000)
  from space 1024K, 15% used [0x00000000d5680000,0x00000000d56a8000,0x00000000d5780000)
  to   space 512K, 0% used [0x00000000d5780000,0x00000000d5780000,0x00000000d5800000)
 ParOldGen       total 792576K, used 792329K [0x0000000080000000, 0x00000000b0600000, 0x00000000d5580000)
  object space 792576K, 99% used [0x0000000080000000,0x00000000b05c25d0,0x00000000b0600000)
 Metaspace       used 71722K, committed 73280K, reserved 1179648K
  class space    used 7304K, committed 8064K, reserved 1048576K
}
Event: 412.022 GC heap after
{Heap after GC invocations=1883 (full 3):
 PSYoungGen      total 1536K, used 494K [0x00000000d5580000, 0x00000000d5900000, 0x0000000100000000)
  eden space 1024K, 0% used [0x00000000d5580000,0x00000000d5580000,0x00000000d5680000)
  from space 512K, 96% used [0x00000000d5780000,0x00000000d57fbb00,0x00000000d5800000)
  to   space 1024K, 0% used [0x00000000d5680000,0x00000000d5680000,0x00000000d5780000)
 ParOldGen       total 793088K, used 792593K [0x0000000080000000, 0x00000000b0680000, 0x00000000d5580000)
  object space 793088K, 99% used [0x0000000080000000,0x00000000b06045d0,0x00000000b0680000)
 Metaspace       used 71722K, committed 73280K, reserved 1179648K
  class space    used 7304K, committed 8064K, reserved 1048576K
}
Event: 412.040 GC heap before
{Heap before GC invocations=1884 (full 3):
 PSYoungGen      total 1536K, used 1518K [0x00000000d5580000, 0x00000000d5900000, 0x0000000100000000)
  eden space 1024K, 100% used [0x00000000d5580000,0x00000000d5680000,0x00000000d5680000)
  from space 512K, 96% used [0x00000000d5780000,0x00000000d57fbb00,0x00000000d5800000)
  to   space 1024K, 0% used [0x00000000d5680000,0x00000000d5680000,0x00000000d5780000)
 ParOldGen       total 793088K, used 792593K [0x0000000080000000, 0x00000000b0680000, 0x00000000d5580000)
  object space 793088K, 99% used [0x0000000080000000,0x00000000b06045d0,0x00000000b0680000)
 Metaspace       used 71728K, committed 73280K, reserved 1179648K
  class space    used 7304K, committed 8064K, reserved 1048576K
}
Event: 412.044 GC heap after
{Heap after GC invocations=1884 (full 3):
 PSYoungGen      total 2048K, used 232K [0x00000000d5580000, 0x00000000d5800000, 0x0000000100000000)
  eden space 1024K, 0% used [0x00000000d5580000,0x00000000d5580000,0x00000000d5680000)
  from space 1024K, 22% used [0x00000000d5680000,0x00000000d56ba3d8,0x00000000d5780000)
  to   space 512K, 0% used [0x00000000d5780000,0x00000000d5780000,0x00000000d5800000)
 ParOldGen       total 793088K, used 793038K [0x0000000080000000, 0x00000000b0680000, 0x00000000d5580000)
  object space 793088K, 99% used [0x0000000080000000,0x00000000b06738a8,0x00000000b0680000)
 Metaspace       used 71728K, committed 73280K, reserved 1179648K
  class space    used 7304K, committed 8064K, reserved 1048576K
}
Event: 412.088 GC heap before
{Heap before GC invocations=1885 (full 3):
 PSYoungGen      total 2048K, used 1152K [0x00000000d5580000, 0x00000000d5800000, 0x0000000100000000)
  eden space 1024K, 89% used [0x00000000d5580000,0x00000000d5665d40,0x00000000d5680000)
  from space 1024K, 22% used [0x00000000d5680000,0x00000000d56ba3d8,0x00000000d5780000)
  to   space 512K, 0% used [0x00000000d5780000,0x00000000d5780000,0x00000000d5800000)
 ParOldGen       total 793088K, used 793038K [0x0000000080000000, 0x00000000b0680000, 0x00000000d5580000)
  object space 793088K, 99% used [0x0000000080000000,0x00000000b06738a8,0x00000000b0680000)
 Metaspace       used 71728K, committed 73280K, reserved 1179648K
  class space    used 7304K, committed 8064K, reserved 1048576K
}
Event: 412.090 GC heap after
{Heap after GC invocations=1885 (full 3):
 PSYoungGen      total 1536K, used 128K [0x00000000d5580000, 0x00000000d5800000, 0x0000000100000000)
  eden space 1024K, 0% used [0x00000000d5580000,0x00000000d5580000,0x00000000d5680000)
  from space 512K, 25% used [0x00000000d5780000,0x00000000d57a0000,0x00000000d5800000)
  to   space 512K, 0% used [0x00000000d5700000,0x00000000d5700000,0x00000000d5780000)
 ParOldGen       total 793600K, used 793223K [0x0000000080000000, 0x00000000b0700000, 0x00000000d5580000)
  object space 793600K, 99% used [0x0000000080000000,0x00000000b06a1c80,0x00000000b0700000)
 Metaspace       used 71728K, committed 73280K, reserved 1179648K
  class space    used 7304K, committed 8064K, reserved 1048576K
}
Event: 412.475 GC heap before
{Heap before GC invocations=1886 (full 3):
 PSYoungGen      total 1536K, used 1152K [0x00000000d5580000, 0x00000000d5800000, 0x0000000100000000)
  eden space 1024K, 100% used [0x00000000d5580000,0x00000000d5680000,0x00000000d5680000)
  from space 512K, 25% used [0x00000000d5780000,0x00000000d57a0000,0x00000000d5800000)
  to   space 512K, 0% used [0x00000000d5700000,0x00000000d5700000,0x00000000d5780000)
 ParOldGen       total 793600K, used 793223K [0x0000000080000000, 0x00000000b0700000, 0x00000000d5580000)
  object space 793600K, 99% used [0x0000000080000000,0x00000000b06a1c80,0x00000000b0700000)
 Metaspace       used 71925K, committed 73472K, reserved 1179648K
  class space    used 7318K, committed 8064K, reserved 1048576K
}
Event: 412.487 GC heap after
{Heap after GC invocations=1886 (full 3):
 PSYoungGen      total 1536K, used 128K [0x00000000d5580000, 0x00000000d5800000, 0x0000000100000000)
  eden space 1024K, 0% used [0x00000000d5580000,0x00000000d5580000,0x00000000d5680000)
  from space 512K, 25% used [0x00000000d5700000,0x00000000d5720000,0x00000000d5780000)
  to   space 512K, 0% used [0x00000000d5780000,0x00000000d5780000,0x00000000d5800000)
 ParOldGen       total 793600K, used 793279K [0x0000000080000000, 0x00000000b0700000, 0x00000000d5580000)
  object space 793600K, 99% used [0x0000000080000000,0x00000000b06afc80,0x00000000b0700000)
 Metaspace       used 71925K, committed 73472K, reserved 1179648K
  class space    used 7318K, committed 8064K, reserved 1048576K
}

