# JRE version: Java(TM) SE Runtime Environment (17.0.12+8) (build 17.0.12+8-LTS-286)
# Java VM: Java HotSpot(TM) 64-Bit Server VM (17.0.12+8-LTS-286, mixed mode, sharing, tiered, compressed oops, compressed class ptrs, g1 gc, windows-amd64)
GC Precious Log:
 CPUs: 4 total, 4 available
 Memory: 3784M
 Large Page Support: Disabled
 NUMA Support: Disabled
 Compressed Oops: Enabled (32-bit)
 Heap Region Size: 1M
 Heap Min Capacity: 8M
 Heap Initial Capacity: 60M
 Heap Max Capacity: 948M
 Pre-touch: Disabled
 Parallel Workers: 4
 Concurrent Workers: 1
 Concurrent Refinement Workers: 4
 Periodic GC: Disabled
Heap:
 garbage-first heap   total 75776K, used 47562K [0x00000000c4c00000, 0x0000000100000000)
  region size 1024K, 16 young (16384K), 4 survivors (4096K)
 Metaspace       used 78751K, committed 79360K, reserved 1179648K
  class space    used 11025K, committed 11264K, reserved 1048576K
GC Heap History (20 events):
Event: 12.656 GC heap before
{Heap before GC invocations=18 (full 0):
 garbage-first heap   total 55296K, used 44774K [0x00000000c4c00000, 0x0000000100000000)
  region size 1024K, 19 young (19456K), 2 survivors (2048K)
 Metaspace       used 59722K, committed 60224K, reserved 1114112K
  class space    used 8119K, committed 8384K, reserved 1048576K
}
Event: 12.659 GC heap after
{Heap after GC invocations=19 (full 0):
 garbage-first heap   total 55296K, used 27987K [0x00000000c4c00000, 0x0000000100000000)
  region size 1024K, 2 young (2048K), 2 survivors (2048K)
 Metaspace       used 59722K, committed 60224K, reserved 1114112K
  class space    used 8119K, committed 8384K, reserved 1048576K
}
Event: 13.085 GC heap before
{Heap before GC invocations=19 (full 0):
 garbage-first heap   total 55296K, used 44371K [0x00000000c4c00000, 0x0000000100000000)
  region size 1024K, 18 young (18432K), 2 survivors (2048K)
 Metaspace       used 63317K, committed 63936K, reserved 1114112K
  class space    used 8658K, committed 8960K, reserved 1048576K
}
Event: 13.088 GC heap after
{Heap after GC invocations=20 (full 0):
 garbage-first heap   total 55296K, used 28525K [0x00000000c4c00000, 0x0000000100000000)
  region size 1024K, 2 young (2048K), 2 survivors (2048K)
 Metaspace       used 63317K, committed 63936K, reserved 1114112K
  class space    used 8658K, committed 8960K, reserved 1048576K
}
Event: 13.663 GC heap before
{Heap before GC invocations=21 (full 0):
 garbage-first heap   total 55296K, used 44909K [0x00000000c4c00000, 0x0000000100000000)
  region size 1024K, 18 young (18432K), 2 survivors (2048K)
 Metaspace       used 66301K, committed 66880K, reserved 1114112K
  class space    used 9050K, committed 9344K, reserved 1048576K
}
Event: 13.668 GC heap after
{Heap after GC invocations=22 (full 0):
 garbage-first heap   total 55296K, used 29967K [0x00000000c4c00000, 0x0000000100000000)
  region size 1024K, 3 young (3072K), 3 survivors (3072K)
 Metaspace       used 66301K, committed 66880K, reserved 1114112K
  class space    used 9050K, committed 9344K, reserved 1048576K
}
Event: 14.044 GC heap before
{Heap before GC invocations=22 (full 0):
 garbage-first heap   total 55296K, used 44303K [0x00000000c4c00000, 0x0000000100000000)
  region size 1024K, 17 young (17408K), 3 survivors (3072K)
 Metaspace       used 68429K, committed 69056K, reserved 1114112K
  class space    used 9356K, committed 9664K, reserved 1048576K
}
Event: 14.051 GC heap after
{Heap after GC invocations=23 (full 0):
 garbage-first heap   total 55296K, used 31095K [0x00000000c4c00000, 0x0000000100000000)
  region size 1024K, 3 young (3072K), 3 survivors (3072K)
 Metaspace       used 68429K, committed 69056K, reserved 1114112K
  class space    used 9356K, committed 9664K, reserved 1048576K
}
Event: 14.340 GC heap before
{Heap before GC invocations=24 (full 0):
 garbage-first heap   total 56320K, used 44407K [0x00000000c4c00000, 0x0000000100000000)
  region size 1024K, 16 young (16384K), 3 survivors (3072K)
 Metaspace       used 69958K, committed 70592K, reserved 1114112K
  class space    used 9672K, committed 9984K, reserved 1048576K
}
Event: 14.349 GC heap after
{Heap after GC invocations=25 (full 0):
 garbage-first heap   total 56320K, used 32058K [0x00000000c4c00000, 0x0000000100000000)
  region size 1024K, 1 young (1024K), 1 survivors (1024K)
 Metaspace       used 69958K, committed 70592K, reserved 1114112K
  class space    used 9672K, committed 9984K, reserved 1048576K
}
Event: 14.530 GC heap before
{Heap before GC invocations=25 (full 0):
 garbage-first heap   total 56320K, used 45370K [0x00000000c4c00000, 0x0000000100000000)
  region size 1024K, 15 young (15360K), 1 survivors (1024K)
 Metaspace       used 70876K, committed 71488K, reserved 1114112K
  class space    used 9808K, committed 10112K, reserved 1048576K
}
Event: 14.535 GC heap after
{Heap after GC invocations=26 (full 0):
 garbage-first heap   total 56320K, used 32977K [0x00000000c4c00000, 0x0000000100000000)
  region size 1024K, 2 young (2048K), 2 survivors (2048K)
 Metaspace       used 70876K, committed 71488K, reserved 1114112K
  class space    used 9808K, committed 10112K, reserved 1048576K
}
Event: 14.852 GC heap before
{Heap before GC invocations=27 (full 0):
 garbage-first heap   total 60416K, used 44241K [0x00000000c4c00000, 0x0000000100000000)
  region size 1024K, 14 young (14336K), 2 survivors (2048K)
 Metaspace       used 72483K, committed 73088K, reserved 1114112K
  class space    used 10174K, committed 10496K, reserved 1048576K
}
Event: 14.857 GC heap after
{Heap after GC invocations=28 (full 0):
 garbage-first heap   total 60416K, used 33888K [0x00000000c4c00000, 0x0000000100000000)
  region size 1024K, 2 young (2048K), 2 survivors (2048K)
 Metaspace       used 72483K, committed 73088K, reserved 1114112K
  class space    used 10174K, committed 10496K, reserved 1048576K
}
Event: 14.995 GC heap before
{Heap before GC invocations=28 (full 0):
 garbage-first heap   total 60416K, used 49248K [0x00000000c4c00000, 0x0000000100000000)
  region size 1024K, 17 young (17408K), 2 survivors (2048K)
 Metaspace       used 73795K, committed 74368K, reserved 1114112K
  class space    used 10333K, committed 10624K, reserved 1048576K
}
Event: 15.000 GC heap after
{Heap after GC invocations=29 (full 0):
 garbage-first heap   total 60416K, used 34175K [0x00000000c4c00000, 0x0000000100000000)
  region size 1024K, 2 young (2048K), 2 survivors (2048K)
 Metaspace       used 73795K, committed 74368K, reserved 1114112K
  class space    used 10333K, committed 10624K, reserved 1048576K
}
Event: 15.172 GC heap before
{Heap before GC invocations=30 (full 0):
 garbage-first heap   total 75776K, used 49535K [0x00000000c4c00000, 0x0000000100000000)
  region size 1024K, 17 young (17408K), 2 survivors (2048K)
 Metaspace       used 74201K, committed 74816K, reserved 1114112K
  class space    used 10383K, committed 10688K, reserved 1048576K
}
Event: 15.175 GC heap after
{Heap after GC invocations=31 (full 0):
 garbage-first heap   total 75776K, used 34865K [0x00000000c4c00000, 0x0000000100000000)
  region size 1024K, 2 young (2048K), 2 survivors (2048K)
 Metaspace       used 74201K, committed 74816K, reserved 1114112K
  class space    used 10383K, committed 10688K, reserved 1048576K
}
Event: 15.833 GC heap before
{Heap before GC invocations=31 (full 0):
 garbage-first heap   total 75776K, used 61489K [0x00000000c4c00000, 0x0000000100000000)
  region size 1024K, 28 young (28672K), 2 survivors (2048K)
 Metaspace       used 77364K, committed 78016K, reserved 1179648K
  class space    used 10826K, committed 11136K, reserved 1048576K
}
Event: 15.838 GC heap after
{Heap after GC invocations=32 (full 0):
 garbage-first heap   total 75776K, used 37322K [0x00000000c4c00000, 0x0000000100000000)
  region size 1024K, 4 young (4096K), 4 survivors (4096K)
 Metaspace       used 77364K, committed 78016K, reserved 1179648K
  class space    used 10826K, committed 11136K, reserved 1048576K
}

