# JRE version: OpenJDK Runtime Environment Temurin-21.0.8+9 (21.0.8+9) (build 21.0.8+9-LTS)
# Java VM: OpenJDK 64-Bit Server VM Temurin-21.0.8+9 (21.0.8+9-LTS, mixed mode, sharing, tiered, compressed oops, compressed class ptrs, parallel gc, windows-amd64)
GC Precious Log:
 CardTable entry size: 512
 CPUs: 4 total, 4 available
 Memory: 3784M
 Large Page Support: Disabled
 NUMA Support: Disabled
 Compressed Oops: Enabled (32-bit)
 Alignments: Space 512K, Generation 512K, Heap 2M
 Heap Min Capacity: 100M
 Heap Initial Capacity: 100M
 Heap Max Capacity: 2G
 Pre-touch: Disabled
 Parallel Workers: 4
Heap:
 PSYoungGen      total 12800K, used 9967K [0x00000000d5580000, 0x00000000d6480000, 0x0000000100000000)
  eden space 12288K, 77% used [0x00000000d5580000,0x00000000d5ed3f98,0x00000000d6180000)
  from space 512K, 81% used [0x00000000d6400000,0x00000000d6468000,0x00000000d6480000)
  to   space 1024K, 0% used [0x00000000d6280000,0x00000000d6280000,0x00000000d6380000)
 ParOldGen       total 764416K, used 764270K [0x0000000080000000, 0x00000000aea80000, 0x00000000d5580000)
  object space 764416K, 99% used [0x0000000080000000,0x00000000aea5bae0,0x00000000aea80000)
 Metaspace       used 68083K, committed 69760K, reserved 1114112K
  class space    used 7001K, committed 7744K, reserved 1048576K
GC Heap History (20 events):
Event: 268.294 GC heap before
{Heap before GC invocations=1802 (full 3):
 PSYoungGen      total 12800K, used 12733K [0x00000000d5580000, 0x00000000d6500000, 0x0000000100000000)
  eden space 12288K, 99% used [0x00000000d5580000,0x00000000d617eb60,0x00000000d6180000)
  from space 512K, 87% used [0x00000000d6480000,0x00000000d64f0940,0x00000000d6500000)
  to   space 512K, 0% used [0x00000000d6180000,0x00000000d6180000,0x00000000d6200000)
 ParOldGen       total 761344K, used 760876K [0x0000000080000000, 0x00000000ae780000, 0x00000000d5580000)
  object space 761344K, 99% used [0x0000000080000000,0x00000000ae70b2c0,0x00000000ae780000)
 Metaspace       used 67753K, committed 69504K, reserved 1114112K
  class space    used 6968K, committed 7744K, reserved 1048576K
}
Event: 268.300 GC heap after
{Heap after GC invocations=1802 (full 3):
 PSYoungGen      total 12800K, used 465K [0x00000000d5580000, 0x00000000d6500000, 0x0000000100000000)
  eden space 12288K, 0% used [0x00000000d5580000,0x00000000d5580000,0x00000000d6180000)
  from space 512K, 90% used [0x00000000d6180000,0x00000000d61f4728,0x00000000d6200000)
  to   space 512K, 0% used [0x00000000d6480000,0x00000000d6480000,0x00000000d6500000)
 ParOldGen       total 761344K, used 761260K [0x0000000080000000, 0x00000000ae780000, 0x00000000d5580000)
  object space 761344K, 99% used [0x0000000080000000,0x00000000ae76b018,0x00000000ae780000)
 Metaspace       used 67753K, committed 69504K, reserved 1114112K
  class space    used 6968K, committed 7744K, reserved 1048576K
}
Event: 268.401 GC heap before
{Heap before GC invocations=1803 (full 3):
 PSYoungGen      total 12800K, used 12753K [0x00000000d5580000, 0x00000000d6500000, 0x0000000100000000)
  eden space 12288K, 100% used [0x00000000d5580000,0x00000000d6180000,0x00000000d6180000)
  from space 512K, 90% used [0x00000000d6180000,0x00000000d61f4728,0x00000000d6200000)
  to   space 512K, 0% used [0x00000000d6480000,0x00000000d6480000,0x00000000d6500000)
 ParOldGen       total 761344K, used 761260K [0x0000000080000000, 0x00000000ae780000, 0x00000000d5580000)
  object space 761344K, 99% used [0x0000000080000000,0x00000000ae76b018,0x00000000ae780000)
 Metaspace       used 67753K, committed 69504K, reserved 1114112K
  class space    used 6968K, committed 7744K, reserved 1048576K
}
Event: 268.411 GC heap after
{Heap after GC invocations=1803 (full 3):
 PSYoungGen      total 12800K, used 355K [0x00000000d5580000, 0x00000000d6500000, 0x0000000100000000)
  eden space 12288K, 0% used [0x00000000d5580000,0x00000000d5580000,0x00000000d6180000)
  from space 512K, 69% used [0x00000000d6480000,0x00000000d64d8db0,0x00000000d6500000)
  to   space 512K, 0% used [0x00000000d6180000,0x00000000d6180000,0x00000000d6200000)
 ParOldGen       total 762880K, used 762438K [0x0000000080000000, 0x00000000ae900000, 0x00000000d5580000)
  object space 762880K, 99% used [0x0000000080000000,0x00000000ae891af0,0x00000000ae900000)
 Metaspace       used 67753K, committed 69504K, reserved 1114112K
  class space    used 6968K, committed 7744K, reserved 1048576K
}
Event: 268.510 GC heap before
{Heap before GC invocations=1804 (full 3):
 PSYoungGen      total 12800K, used 12643K [0x00000000d5580000, 0x00000000d6500000, 0x0000000100000000)
  eden space 12288K, 100% used [0x00000000d5580000,0x00000000d6180000,0x00000000d6180000)
  from space 512K, 69% used [0x00000000d6480000,0x00000000d64d8db0,0x00000000d6500000)
  to   space 512K, 0% used [0x00000000d6180000,0x00000000d6180000,0x00000000d6200000)
 ParOldGen       total 762880K, used 762438K [0x0000000080000000, 0x00000000ae900000, 0x00000000d5580000)
  object space 762880K, 99% used [0x0000000080000000,0x00000000ae891af0,0x00000000ae900000)
 Metaspace       used 67753K, committed 69504K, reserved 1114112K
  class space    used 6968K, committed 7744K, reserved 1048576K
}
Event: 268.516 GC heap after
{Heap after GC invocations=1804 (full 3):
 PSYoungGen      total 12800K, used 469K [0x00000000d5580000, 0x00000000d6500000, 0x0000000100000000)
  eden space 12288K, 0% used [0x00000000d5580000,0x00000000d5580000,0x00000000d6180000)
  from space 512K, 91% used [0x00000000d6180000,0x00000000d61f5510,0x00000000d6200000)
  to   space 512K, 0% used [0x00000000d6480000,0x00000000d6480000,0x00000000d6500000)
 ParOldGen       total 762880K, used 762700K [0x0000000080000000, 0x00000000ae900000, 0x00000000d5580000)
  object space 762880K, 99% used [0x0000000080000000,0x00000000ae8d3388,0x00000000ae900000)
 Metaspace       used 67753K, committed 69504K, reserved 1114112K
  class space    used 6968K, committed 7744K, reserved 1048576K
}
Event: 268.560 GC heap before
{Heap before GC invocations=1805 (full 3):
 PSYoungGen      total 12800K, used 12757K [0x00000000d5580000, 0x00000000d6500000, 0x0000000100000000)
  eden space 12288K, 100% used [0x00000000d5580000,0x00000000d6180000,0x00000000d6180000)
  from space 512K, 91% used [0x00000000d6180000,0x00000000d61f5510,0x00000000d6200000)
  to   space 512K, 0% used [0x00000000d6480000,0x00000000d6480000,0x00000000d6500000)
 ParOldGen       total 762880K, used 762700K [0x0000000080000000, 0x00000000ae900000, 0x00000000d5580000)
  object space 762880K, 99% used [0x0000000080000000,0x00000000ae8d3388,0x00000000ae900000)
 Metaspace       used 67753K, committed 69504K, reserved 1114112K
  class space    used 6968K, committed 7744K, reserved 1048576K
}
Event: 268.570 GC heap after
{Heap after GC invocations=1805 (full 3):
 PSYoungGen      total 12800K, used 490K [0x00000000d5580000, 0x00000000d6500000, 0x0000000100000000)
  eden space 12288K, 0% used [0x00000000d5580000,0x00000000d5580000,0x00000000d6180000)
  from space 512K, 95% used [0x00000000d6480000,0x00000000d64fa8e0,0x00000000d6500000)
  to   space 512K, 0% used [0x00000000d6180000,0x00000000d6180000,0x00000000d6200000)
 ParOldGen       total 763392K, used 763055K [0x0000000080000000, 0x00000000ae980000, 0x00000000d5580000)
  object space 763392K, 99% used [0x0000000080000000,0x00000000ae92bcd0,0x00000000ae980000)
 Metaspace       used 67753K, committed 69504K, reserved 1114112K
  class space    used 6968K, committed 7744K, reserved 1048576K
}
Event: 268.621 GC heap before
{Heap before GC invocations=1806 (full 3):
 PSYoungGen      total 12800K, used 12778K [0x00000000d5580000, 0x00000000d6500000, 0x0000000100000000)
  eden space 12288K, 100% used [0x00000000d5580000,0x00000000d6180000,0x00000000d6180000)
  from space 512K, 95% used [0x00000000d6480000,0x00000000d64fa8e0,0x00000000d6500000)
  to   space 512K, 0% used [0x00000000d6180000,0x00000000d6180000,0x00000000d6200000)
 ParOldGen       total 763392K, used 763055K [0x0000000080000000, 0x00000000ae980000, 0x00000000d5580000)
  object space 763392K, 99% used [0x0000000080000000,0x00000000ae92bcd0,0x00000000ae980000)
 Metaspace       used 67755K, committed 69504K, reserved 1114112K
  class space    used 6968K, committed 7744K, reserved 1048576K
}
Event: 268.632 GC heap after
{Heap after GC invocations=1806 (full 3):
 PSYoungGen      total 12800K, used 272K [0x00000000d5580000, 0x00000000d6500000, 0x0000000100000000)
  eden space 12288K, 0% used [0x00000000d5580000,0x00000000d5580000,0x00000000d6180000)
  from space 512K, 53% used [0x00000000d6180000,0x00000000d61c4050,0x00000000d6200000)
  to   space 512K, 0% used [0x00000000d6480000,0x00000000d6480000,0x00000000d6500000)
 ParOldGen       total 763392K, used 763195K [0x0000000080000000, 0x00000000ae980000, 0x00000000d5580000)
  object space 763392K, 99% used [0x0000000080000000,0x00000000ae94ec88,0x00000000ae980000)
 Metaspace       used 67755K, committed 69504K, reserved 1114112K
  class space    used 6968K, committed 7744K, reserved 1048576K
}
Event: 268.680 GC heap before
{Heap before GC invocations=1807 (full 3):
 PSYoungGen      total 12800K, used 12560K [0x00000000d5580000, 0x00000000d6500000, 0x0000000100000000)
  eden space 12288K, 100% used [0x00000000d5580000,0x00000000d6180000,0x00000000d6180000)
  from space 512K, 53% used [0x00000000d6180000,0x00000000d61c4050,0x00000000d6200000)
  to   space 512K, 0% used [0x00000000d6480000,0x00000000d6480000,0x00000000d6500000)
 ParOldGen       total 763392K, used 763195K [0x0000000080000000, 0x00000000ae980000, 0x00000000d5580000)
  object space 763392K, 99% used [0x0000000080000000,0x00000000ae94ec88,0x00000000ae980000)
 Metaspace       used 67756K, committed 69504K, reserved 1114112K
  class space    used 6968K, committed 7744K, reserved 1048576K
}
Event: 268.683 GC heap after
{Heap after GC invocations=1807 (full 3):
 PSYoungGen      total 12800K, used 160K [0x00000000d5580000, 0x00000000d6500000, 0x0000000100000000)
  eden space 12288K, 0% used [0x00000000d5580000,0x00000000d5580000,0x00000000d6180000)
  from space 512K, 31% used [0x00000000d6480000,0x00000000d64a8000,0x00000000d6500000)
  to   space 512K, 0% used [0x00000000d6180000,0x00000000d6180000,0x00000000d6200000)
 ParOldGen       total 763392K, used 763363K [0x0000000080000000, 0x00000000ae980000, 0x00000000d5580000)
  object space 763392K, 99% used [0x0000000080000000,0x00000000ae978cd8,0x00000000ae980000)
 Metaspace       used 67756K, committed 69504K, reserved 1114112K
  class space    used 6968K, committed 7744K, reserved 1048576K
}
Event: 268.745 GC heap before
{Heap before GC invocations=1808 (full 3):
 PSYoungGen      total 12800K, used 12448K [0x00000000d5580000, 0x00000000d6500000, 0x0000000100000000)
  eden space 12288K, 100% used [0x00000000d5580000,0x00000000d6180000,0x00000000d6180000)
  from space 512K, 31% used [0x00000000d6480000,0x00000000d64a8000,0x00000000d6500000)
  to   space 512K, 0% used [0x00000000d6180000,0x00000000d6180000,0x00000000d6200000)
 ParOldGen       total 763392K, used 763363K [0x0000000080000000, 0x00000000ae980000, 0x00000000d5580000)
  object space 763392K, 99% used [0x0000000080000000,0x00000000ae978cd8,0x00000000ae980000)
 Metaspace       used 67756K, committed 69504K, reserved 1114112K
  class space    used 6968K, committed 7744K, reserved 1048576K
}
Event: 268.752 GC heap after
{Heap after GC invocations=1808 (full 3):
 PSYoungGen      total 12800K, used 352K [0x00000000d5580000, 0x00000000d6500000, 0x0000000100000000)
  eden space 12288K, 0% used [0x00000000d5580000,0x00000000d5580000,0x00000000d6180000)
  from space 512K, 68% used [0x00000000d6180000,0x00000000d61d8000,0x00000000d6200000)
  to   space 512K, 0% used [0x00000000d6480000,0x00000000d6480000,0x00000000d6500000)
 ParOldGen       total 763904K, used 763419K [0x0000000080000000, 0x00000000aea00000, 0x00000000d5580000)
  object space 763904K, 99% used [0x0000000080000000,0x00000000ae986cd8,0x00000000aea00000)
 Metaspace       used 67756K, committed 69504K, reserved 1114112K
  class space    used 6968K, committed 7744K, reserved 1048576K
}
Event: 268.804 GC heap before
{Heap before GC invocations=1809 (full 3):
 PSYoungGen      total 12800K, used 12640K [0x00000000d5580000, 0x00000000d6500000, 0x0000000100000000)
  eden space 12288K, 100% used [0x00000000d5580000,0x00000000d6180000,0x00000000d6180000)
  from space 512K, 68% used [0x00000000d6180000,0x00000000d61d8000,0x00000000d6200000)
  to   space 512K, 0% used [0x00000000d6480000,0x00000000d6480000,0x00000000d6500000)
 ParOldGen       total 763904K, used 763419K [0x0000000080000000, 0x00000000aea00000, 0x00000000d5580000)
  object space 763904K, 99% used [0x0000000080000000,0x00000000ae986cd8,0x00000000aea00000)
 Metaspace       used 67758K, committed 69504K, reserved 1114112K
  class space    used 6968K, committed 7744K, reserved 1048576K
}
Event: 268.812 GC heap after
{Heap after GC invocations=1809 (full 3):
 PSYoungGen      total 12800K, used 320K [0x00000000d5580000, 0x00000000d6500000, 0x0000000100000000)
  eden space 12288K, 0% used [0x00000000d5580000,0x00000000d5580000,0x00000000d6180000)
  from space 512K, 62% used [0x00000000d6480000,0x00000000d64d0000,0x00000000d6500000)
  to   space 512K, 0% used [0x00000000d6180000,0x00000000d6180000,0x00000000d6200000)
 ParOldGen       total 763904K, used 763579K [0x0000000080000000, 0x00000000aea00000, 0x00000000d5580000)
  object space 763904K, 99% used [0x0000000080000000,0x00000000ae9aecd8,0x00000000aea00000)
 Metaspace       used 67758K, committed 69504K, reserved 1114112K
  class space    used 6968K, committed 7744K, reserved 1048576K
}
Event: 271.320 GC heap before
{Heap before GC invocations=1810 (full 3):
 PSYoungGen      total 12800K, used 12608K [0x00000000d5580000, 0x00000000d6500000, 0x0000000100000000)
  eden space 12288K, 100% used [0x00000000d5580000,0x00000000d6180000,0x00000000d6180000)
  from space 512K, 62% used [0x00000000d6480000,0x00000000d64d0000,0x00000000d6500000)
  to   space 512K, 0% used [0x00000000d6180000,0x00000000d6180000,0x00000000d6200000)
 ParOldGen       total 763904K, used 763579K [0x0000000080000000, 0x00000000aea00000, 0x00000000d5580000)
  object space 763904K, 99% used [0x0000000080000000,0x00000000ae9aecd8,0x00000000aea00000)
 Metaspace       used 67947K, committed 69632K, reserved 1114112K
  class space    used 6991K, committed 7744K, reserved 1048576K
}
Event: 271.410 GC heap after
{Heap after GC invocations=1810 (full 3):
 PSYoungGen      total 12800K, used 482K [0x00000000d5580000, 0x00000000d6500000, 0x0000000100000000)
  eden space 12288K, 0% used [0x00000000d5580000,0x00000000d5580000,0x00000000d6180000)
  from space 512K, 94% used [0x00000000d6180000,0x00000000d61f8ae0,0x00000000d6200000)
  to   space 1024K, 0% used [0x00000000d6400000,0x00000000d6400000,0x00000000d6500000)
 ParOldGen       total 763904K, used 763850K [0x0000000080000000, 0x00000000aea00000, 0x00000000d5580000)
  object space 763904K, 99% used [0x0000000080000000,0x00000000ae9f28e0,0x00000000aea00000)
 Metaspace       used 67947K, committed 69632K, reserved 1114112K
  class space    used 6991K, committed 7744K, reserved 1048576K
}
Event: 272.533 GC heap before
{Heap before GC invocations=1811 (full 3):
 PSYoungGen      total 12800K, used 12770K [0x00000000d5580000, 0x00000000d6500000, 0x0000000100000000)
  eden space 12288K, 100% used [0x00000000d5580000,0x00000000d6180000,0x00000000d6180000)
  from space 512K, 94% used [0x00000000d6180000,0x00000000d61f8ae0,0x00000000d6200000)
  to   space 1024K, 0% used [0x00000000d6400000,0x00000000d6400000,0x00000000d6500000)
 ParOldGen       total 763904K, used 763850K [0x0000000080000000, 0x00000000aea00000, 0x00000000d5580000)
  object space 763904K, 99% used [0x0000000080000000,0x00000000ae9f28e0,0x00000000aea00000)
 Metaspace       used 68025K, committed 69696K, reserved 1114112K
  class space    used 6999K, committed 7744K, reserved 1048576K
}
Event: 272.563 GC heap after
{Heap after GC invocations=1811 (full 3):
 PSYoungGen      total 12800K, used 416K [0x00000000d5580000, 0x00000000d6480000, 0x0000000100000000)
  eden space 12288K, 0% used [0x00000000d5580000,0x00000000d5580000,0x00000000d6180000)
  from space 512K, 81% used [0x00000000d6400000,0x00000000d6468000,0x00000000d6480000)
  to   space 1024K, 0% used [0x00000000d6280000,0x00000000d6280000,0x00000000d6380000)
 ParOldGen       total 764416K, used 764270K [0x0000000080000000, 0x00000000aea80000, 0x00000000d5580000)
  object space 764416K, 99% used [0x0000000080000000,0x00000000aea5bae0,0x00000000aea80000)
 Metaspace       used 68025K, committed 69696K, reserved 1114112K
  class space    used 6999K, committed 7744K, reserved 1048576K
}

